# JRE version: OpenJDK Runtime Environment (17.0.7) (build 17.0.7+0-b2043.56-10550314)
# Java VM: OpenJDK 64-Bit Server VM (17.0.7+0-b2043.56-10550314, mixed mode, tiered, compressed oops, compressed class ptrs, g1 gc, windows-amd64)
GC Precious Log:
 CPUs: 8 total, 8 available
 Memory: 7103M
 Large Page Support: Disabled
 NUMA Support: Disabled
 Compressed Oops: Enabled (32-bit)
 Heap Region Size: 1M
 Heap Min Capacity: 8M
 Heap Initial Capacity: 112M
 Heap Max Capacity: 1776M
 Pre-touch: Disabled
 Parallel Workers: 8
 Concurrent Workers: 2
 Concurrent Refinement Workers: 8
 Periodic GC: Disabled
Heap:
 garbage-first heap   total 128000K, used 63153K [0x0000000091000000, 0x0000000100000000)
  region size 1024K, 5 young (5120K), 1 survivors (1024K)
 Metaspace       used 64256K, committed 64576K, reserved 1114112K
  class space    used 7651K, committed 7808K, reserved 1048576K
GC Heap History (20 events):
Event: 5.747 GC heap before
{Heap before GC invocations=12 (full 0):
 garbage-first heap   total 53248K, used 22672K [0x0000000091000000, 0x0000000100000000)
  region size 1024K, 4 young (4096K), 3 survivors (3072K)
 Metaspace       used 39673K, committed 39936K, reserved 1114112K
  class space    used 4949K, committed 5056K, reserved 1048576K
}
Event: 5.751 GC heap after
{Heap after GC invocations=13 (full 0):
 garbage-first heap   total 53248K, used 22424K [0x0000000091000000, 0x0000000100000000)
  region size 1024K, 1 young (1024K), 1 survivors (1024K)
 Metaspace       used 39673K, committed 39936K, reserved 1114112K
  class space    used 4949K, committed 5056K, reserved 1048576K
}
Event: 6.129 GC heap before
{Heap before GC invocations=13 (full 0):
 garbage-first heap   total 53248K, used 37784K [0x0000000091000000, 0x0000000100000000)
  region size 1024K, 17 young (17408K), 1 survivors (1024K)
 Metaspace       used 43525K, committed 43840K, reserved 1114112K
  class space    used 5374K, committed 5504K, reserved 1048576K
}
Event: 6.134 GC heap after
{Heap after GC invocations=14 (full 0):
 garbage-first heap   total 53248K, used 23167K [0x0000000091000000, 0x0000000100000000)
  region size 1024K, 2 young (2048K), 2 survivors (2048K)
 Metaspace       used 43525K, committed 43840K, reserved 1114112K
  class space    used 5374K, committed 5504K, reserved 1048576K
}
Event: 7.100 GC heap before
{Heap before GC invocations=14 (full 0):
 garbage-first heap   total 53248K, used 40575K [0x0000000091000000, 0x0000000100000000)
  region size 1024K, 18 young (18432K), 2 survivors (2048K)
 Metaspace       used 47161K, committed 47360K, reserved 1114112K
  class space    used 5782K, committed 5888K, reserved 1048576K
}
Event: 7.113 GC heap after
{Heap after GC invocations=15 (full 0):
 garbage-first heap   total 106496K, used 27487K [0x0000000091000000, 0x0000000100000000)
  region size 1024K, 3 young (3072K), 3 survivors (3072K)
 Metaspace       used 47161K, committed 47360K, reserved 1114112K
  class space    used 5782K, committed 5888K, reserved 1048576K
}
Event: 8.243 GC heap before
{Heap before GC invocations=15 (full 0):
 garbage-first heap   total 106496K, used 78687K [0x0000000091000000, 0x0000000100000000)
  region size 1024K, 52 young (53248K), 3 survivors (3072K)
 Metaspace       used 49402K, committed 49664K, reserved 1114112K
  class space    used 5980K, committed 6080K, reserved 1048576K
}
Event: 8.268 GC heap after
{Heap after GC invocations=16 (full 0):
 garbage-first heap   total 106496K, used 33323K [0x0000000091000000, 0x0000000100000000)
  region size 1024K, 7 young (7168K), 7 survivors (7168K)
 Metaspace       used 49402K, committed 49664K, reserved 1114112K
  class space    used 5980K, committed 6080K, reserved 1048576K
}
Event: 10.184 GC heap before
{Heap before GC invocations=16 (full 0):
 garbage-first heap   total 106496K, used 78379K [0x0000000091000000, 0x0000000100000000)
  region size 1024K, 51 young (52224K), 7 survivors (7168K)
 Metaspace       used 56446K, committed 56640K, reserved 1114112K
  class space    used 6815K, committed 6912K, reserved 1048576K
}
Event: 10.226 GC heap after
{Heap after GC invocations=17 (full 0):
 garbage-first heap   total 106496K, used 41389K [0x0000000091000000, 0x0000000100000000)
  region size 1024K, 7 young (7168K), 7 survivors (7168K)
 Metaspace       used 56446K, committed 56640K, reserved 1114112K
  class space    used 6815K, committed 6912K, reserved 1048576K
}
Event: 12.329 GC heap before
{Heap before GC invocations=17 (full 0):
 garbage-first heap   total 106496K, used 79277K [0x0000000091000000, 0x0000000100000000)
  region size 1024K, 44 young (45056K), 7 survivors (7168K)
 Metaspace       used 59611K, committed 59840K, reserved 1114112K
  class space    used 7106K, committed 7232K, reserved 1048576K
}
Event: 12.371 GC heap after
{Heap after GC invocations=18 (full 0):
 garbage-first heap   total 106496K, used 48640K [0x0000000091000000, 0x0000000100000000)
  region size 1024K, 6 young (6144K), 6 survivors (6144K)
 Metaspace       used 59611K, committed 59840K, reserved 1114112K
  class space    used 7106K, committed 7232K, reserved 1048576K
}
Event: 13.388 GC heap before
{Heap before GC invocations=18 (full 0):
 garbage-first heap   total 106496K, used 80384K [0x0000000091000000, 0x0000000100000000)
  region size 1024K, 37 young (37888K), 6 survivors (6144K)
 Metaspace       used 59978K, committed 60224K, reserved 1114112K
  class space    used 7122K, committed 7232K, reserved 1048576K
}
Event: 13.429 GC heap after
{Heap after GC invocations=19 (full 0):
 garbage-first heap   total 128000K, used 54784K [0x0000000091000000, 0x0000000100000000)
  region size 1024K, 5 young (5120K), 5 survivors (5120K)
 Metaspace       used 59978K, committed 60224K, reserved 1114112K
  class space    used 7122K, committed 7232K, reserved 1048576K
}
Event: 13.599 GC heap before
{Heap before GC invocations=19 (full 0):
 garbage-first heap   total 128000K, used 59904K [0x0000000091000000, 0x0000000100000000)
  region size 1024K, 11 young (11264K), 5 survivors (5120K)
 Metaspace       used 60179K, committed 60416K, reserved 1114112K
  class space    used 7148K, committed 7232K, reserved 1048576K
}
Event: 13.616 GC heap after
{Heap after GC invocations=20 (full 0):
 garbage-first heap   total 128000K, used 56903K [0x0000000091000000, 0x0000000100000000)
  region size 1024K, 2 young (2048K), 2 survivors (2048K)
 Metaspace       used 60179K, committed 60416K, reserved 1114112K
  class space    used 7148K, committed 7232K, reserved 1048576K
}
Event: 15.620 GC heap before
{Heap before GC invocations=21 (full 0):
 garbage-first heap   total 128000K, used 96839K [0x0000000091000000, 0x0000000100000000)
  region size 1024K, 41 young (41984K), 2 survivors (2048K)
 Metaspace       used 64049K, committed 64320K, reserved 1114112K
  class space    used 7648K, committed 7808K, reserved 1048576K
}
Event: 15.634 GC heap after
{Heap after GC invocations=22 (full 0):
 garbage-first heap   total 128000K, used 60031K [0x0000000091000000, 0x0000000100000000)
  region size 1024K, 5 young (5120K), 5 survivors (5120K)
 Metaspace       used 64049K, committed 64320K, reserved 1114112K
  class space    used 7648K, committed 7808K, reserved 1048576K
}
Event: 15.673 GC heap before
{Heap before GC invocations=22 (full 0):
 garbage-first heap   total 128000K, used 61055K [0x0000000091000000, 0x0000000100000000)
  region size 1024K, 6 young (6144K), 5 survivors (5120K)
 Metaspace       used 64064K, committed 64384K, reserved 1114112K
  class space    used 7648K, committed 7808K, reserved 1048576K
}
Event: 15.690 GC heap after
{Heap after GC invocations=23 (full 0):
 garbage-first heap   total 128000K, used 60081K [0x0000000091000000, 0x0000000100000000)
  region size 1024K, 1 young (1024K), 1 survivors (1024K)
 Metaspace       used 64064K, committed 64384K, reserved 1114112K
  class space    used 7648K, committed 7808K, reserved 1048576K
}

